android/app/build/intermediates/manifest_merge_blame_file/release/processReleaseMainManifest/manifest-merger-blame-release-report.txt
1<?xml version="1.0" encoding="utf-8"?>
2<manifest xmlns:android="http://schemas.android.com/apk/res/android"
3    package="com.sona.app"
4    android:versionCode="1"
5    android:versionName="1.0" >
6
7    <uses-sdk
7-->INJECTED
8        android:minSdkVersion="24"
8-->INJECTED
9        android:targetSdkVersion="36" />
9-->INJECTED
10
11    <uses-permission android:name="android.permission.INTERNET" />
11-->src/main/AndroidManifest.xml:53:5-67
11-->src/main/AndroidManifest.xml:53:22-64
12
13    <queries>
13-->[:capacitor-browser] AndroidManifest.xml:7:5-11:15
14        <intent>
14-->[:capacitor-browser] AndroidManifest.xml:8:9-10:18
15            <action android:name="android.support.customtabs.action.CustomTabsService" />
15-->[:capacitor-browser] AndroidManifest.xml:9:13-90
15-->[:capacitor-browser] AndroidManifest.xml:9:21-87
16        </intent>
17    </queries> <!-- Create a unique permission for your app and use it so only your app can receive your OneSignal messages. -->
18    <permission
18-->[com.onesignal:notifications:5.7.6] AndroidManifest.xml:8:5-10:47
19        android:name="com.sona.app.permission.C2D_MESSAGE"
19-->[com.onesignal:notifications:5.7.6] AndroidManifest.xml:9:9-63
20        android:protectionLevel="signature" />
20-->[com.onesignal:notifications:5.7.6] AndroidManifest.xml:10:9-44
21
22    <uses-permission android:name="com.sona.app.permission.C2D_MESSAGE" /> <!-- Required runtime permission to display notifications on Android 13 -->
22-->[com.onesignal:notifications:5.7.6] AndroidManifest.xml:12:5-79
22-->[com.onesignal:notifications:5.7.6] AndroidManifest.xml:12:22-76
23    <uses-permission android:name="android.permission.POST_NOTIFICATIONS" /> <!-- Required, makes sure notifications are delivered on time. -->
23-->[com.onesignal:notifications:5.7.6] AndroidManifest.xml:15:5-77
23-->[com.onesignal:notifications:5.7.6] AndroidManifest.xml:15:22-74
24    <uses-permission android:name="android.permission.WAKE_LOCK" /> <!-- c2dm RECEIVE are basic requirements for push messages through Google's FCM -->
24-->[com.onesignal:notifications:5.7.6] AndroidManifest.xml:16:5-68
24-->[com.onesignal:notifications:5.7.6] AndroidManifest.xml:16:22-65
25    <uses-permission android:name="com.google.android.c2dm.permission.RECEIVE" />
25-->[com.onesignal:notifications:5.7.6] AndroidManifest.xml:17:5-82
25-->[com.onesignal:notifications:5.7.6] AndroidManifest.xml:17:22-79
26    <!--
27 Required so the device vibrates on receiving a push notification.
28         Vibration settings of the device still apply.
29    -->
30    <uses-permission android:name="android.permission.VIBRATE" />
30-->[com.onesignal:notifications:5.7.6] AndroidManifest.xml:22:5-66
30-->[com.onesignal:notifications:5.7.6] AndroidManifest.xml:22:22-63
31    <!--
32 Use to restore notifications the user hasn't interacted with.
33     They could be missed notifications if the user reboots their device if this isn't in place.
34    -->
35    <uses-permission android:name="android.permission.RECEIVE_BOOT_COMPLETED" /> <!-- START: ShortcutBadger -->
35-->[com.onesignal:notifications:5.7.6] AndroidManifest.xml:27:5-81
35-->[com.onesignal:notifications:5.7.6] AndroidManifest.xml:27:22-78
36    <!-- Samsung -->
37    <uses-permission android:name="com.sec.android.provider.badge.permission.READ" />
37-->[com.onesignal:notifications:5.7.6] AndroidManifest.xml:29:5-86
37-->[com.onesignal:notifications:5.7.6] AndroidManifest.xml:29:22-83
38    <uses-permission android:name="com.sec.android.provider.badge.permission.WRITE" /> <!-- HTC -->
38-->[com.onesignal:notifications:5.7.6] AndroidManifest.xml:30:5-87
38-->[com.onesignal:notifications:5.7.6] AndroidManifest.xml:30:22-84
39    <uses-permission android:name="com.htc.launcher.permission.READ_SETTINGS" />
39-->[com.onesignal:notifications:5.7.6] AndroidManifest.xml:31:5-81
39-->[com.onesignal:notifications:5.7.6] AndroidManifest.xml:31:22-78
40    <uses-permission android:name="com.htc.launcher.permission.UPDATE_SHORTCUT" /> <!-- Sony -->
40-->[com.onesignal:notifications:5.7.6] AndroidManifest.xml:32:5-83
40-->[com.onesignal:notifications:5.7.6] AndroidManifest.xml:32:22-80
41    <uses-permission android:name="com.sonyericsson.home.permission.BROADCAST_BADGE" />
41-->[com.onesignal:notifications:5.7.6] AndroidManifest.xml:33:5-88
41-->[com.onesignal:notifications:5.7.6] AndroidManifest.xml:33:22-85
42    <uses-permission android:name="com.sonymobile.home.permission.PROVIDER_INSERT_BADGE" /> <!-- Apex -->
42-->[com.onesignal:notifications:5.7.6] AndroidManifest.xml:34:5-92
42-->[com.onesignal:notifications:5.7.6] AndroidManifest.xml:34:22-89
43    <uses-permission android:name="com.anddoes.launcher.permission.UPDATE_COUNT" /> <!-- Solid -->
43-->[com.onesignal:notifications:5.7.6] AndroidManifest.xml:35:5-84
43-->[com.onesignal:notifications:5.7.6] AndroidManifest.xml:35:22-81
44    <uses-permission android:name="com.majeur.launcher.permission.UPDATE_BADGE" /> <!-- Huawei -->
44-->[com.onesignal:notifications:5.7.6] AndroidManifest.xml:36:5-83
44-->[com.onesignal:notifications:5.7.6] AndroidManifest.xml:36:22-80
45    <uses-permission android:name="com.huawei.android.launcher.permission.CHANGE_BADGE" />
45-->[com.onesignal:notifications:5.7.6] AndroidManifest.xml:37:5-91
45-->[com.onesignal:notifications:5.7.6] AndroidManifest.xml:37:22-88
46    <uses-permission android:name="com.huawei.android.launcher.permission.READ_SETTINGS" />
46-->[com.onesignal:notifications:5.7.6] AndroidManifest.xml:38:5-92
46-->[com.onesignal:notifications:5.7.6] AndroidManifest.xml:38:22-89
47    <uses-permission android:name="com.huawei.android.launcher.permission.WRITE_SETTINGS" /> <!-- ZUK -->
47-->[com.onesignal:notifications:5.7.6] AndroidManifest.xml:39:5-93
47-->[com.onesignal:notifications:5.7.6] AndroidManifest.xml:39:22-90
48    <uses-permission android:name="android.permission.READ_APP_BADGE" /> <!-- OPPO -->
48-->[com.onesignal:notifications:5.7.6] AndroidManifest.xml:40:5-73
48-->[com.onesignal:notifications:5.7.6] AndroidManifest.xml:40:22-70
49    <uses-permission android:name="com.oppo.launcher.permission.READ_SETTINGS" />
49-->[com.onesignal:notifications:5.7.6] AndroidManifest.xml:41:5-82
49-->[com.onesignal:notifications:5.7.6] AndroidManifest.xml:41:22-79
50    <uses-permission android:name="com.oppo.launcher.permission.WRITE_SETTINGS" /> <!-- EvMe -->
50-->[com.onesignal:notifications:5.7.6] AndroidManifest.xml:42:5-83
50-->[com.onesignal:notifications:5.7.6] AndroidManifest.xml:42:22-80
51    <uses-permission android:name="me.everything.badger.permission.BADGE_COUNT_READ" />
51-->[com.onesignal:notifications:5.7.6] AndroidManifest.xml:43:5-88
51-->[com.onesignal:notifications:5.7.6] AndroidManifest.xml:43:22-85
52    <uses-permission android:name="me.everything.badger.permission.BADGE_COUNT_WRITE" />
52-->[com.onesignal:notifications:5.7.6] AndroidManifest.xml:44:5-89
52-->[com.onesignal:notifications:5.7.6] AndroidManifest.xml:44:22-86
53    <uses-permission android:name="android.permission.ACCESS_NETWORK_STATE" />
53-->[com.onesignal:core:5.7.6] AndroidManifest.xml:12:5-79
53-->[com.onesignal:core:5.7.6] AndroidManifest.xml:12:22-76
54    <uses-permission android:name="android.permission.FOREGROUND_SERVICE" />
54-->[androidx.work:work-runtime:2.8.1] AndroidManifest.xml:26:5-77
54-->[androidx.work:work-runtime:2.8.1] AndroidManifest.xml:26:22-74
55
56    <permission
56-->[androidx.core:core:1.17.0] AndroidManifest.xml:22:5-24:47
57        android:name="com.sona.app.DYNAMIC_RECEIVER_NOT_EXPORTED_PERMISSION"
57-->[androidx.core:core:1.17.0] AndroidManifest.xml:23:9-81
58        android:protectionLevel="signature" />
58-->[androidx.core:core:1.17.0] AndroidManifest.xml:24:9-44
59
60    <uses-permission android:name="com.sona.app.DYNAMIC_RECEIVER_NOT_EXPORTED_PERMISSION" />
60-->[androidx.core:core:1.17.0] AndroidManifest.xml:26:5-97
60-->[androidx.core:core:1.17.0] AndroidManifest.xml:26:22-94
61
62    <application
62-->src/main/AndroidManifest.xml:4:5-51:19
63        android:allowBackup="true"
63-->src/main/AndroidManifest.xml:5:9-35
64        android:appComponentFactory="androidx.core.app.CoreComponentFactory"
64-->[androidx.core:core:1.17.0] AndroidManifest.xml:28:18-86
65        android:extractNativeLibs="false"
65-->INJECTED
66        android:icon="@mipmap/ic_launcher"
66-->src/main/AndroidManifest.xml:6:9-43
67        android:label="@string/app_name"
67-->src/main/AndroidManifest.xml:7:9-41
68        android:roundIcon="@mipmap/ic_launcher_round"
68-->src/main/AndroidManifest.xml:8:9-54
69        android:supportsRtl="true"
69-->src/main/AndroidManifest.xml:9:9-35
70        android:theme="@style/AppTheme" >
70-->src/main/AndroidManifest.xml:10:9-40
71        <activity
71-->src/main/AndroidManifest.xml:12:9-32:20
72            android:name="com.sona.app.MainActivity"
72-->src/main/AndroidManifest.xml:14:13-41
73            android:configChanges="orientation|keyboardHidden|keyboard|screenSize|locale|smallestScreenSize|screenLayout|uiMode|navigation|density"
73-->src/main/AndroidManifest.xml:13:13-148
74            android:exported="true"
74-->src/main/AndroidManifest.xml:18:13-36
75            android:label="@string/title_activity_main"
75-->src/main/AndroidManifest.xml:15:13-56
76            android:launchMode="singleTask"
76-->src/main/AndroidManifest.xml:17:13-44
77            android:theme="@style/AppTheme.NoActionBar" >
77-->src/main/AndroidManifest.xml:16:13-56
78            <intent-filter>
78-->src/main/AndroidManifest.xml:20:13-23:29
79                <action android:name="android.intent.action.MAIN" />
79-->src/main/AndroidManifest.xml:21:17-69
79-->src/main/AndroidManifest.xml:21:25-66
80
81                <category android:name="android.intent.category.LAUNCHER" />
81-->src/main/AndroidManifest.xml:22:17-77
81-->src/main/AndroidManifest.xml:22:27-74
82            </intent-filter>
83            <intent-filter>
83-->src/main/AndroidManifest.xml:25:13-30:29
84                <action android:name="android.intent.action.VIEW" />
84-->src/main/AndroidManifest.xml:26:17-69
84-->src/main/AndroidManifest.xml:26:25-66
85
86                <category android:name="android.intent.category.DEFAULT" />
86-->src/main/AndroidManifest.xml:27:17-76
86-->src/main/AndroidManifest.xml:27:27-73
87                <category android:name="android.intent.category.BROWSABLE" />
87-->src/main/AndroidManifest.xml:28:17-78
87-->src/main/AndroidManifest.xml:28:27-75
88
89                <data
89-->src/main/AndroidManifest.xml:29:17-72
90                    android:host="connected"
90-->src/main/AndroidManifest.xml:29:45-69
91                    android:scheme="sona" />
91-->src/main/AndroidManifest.xml:29:23-44
92            </intent-filter>
93        </activity>
94
95        <provider
95-->INJECTED
96            android:name="androidx.core.content.FileProvider"
96-->src/main/AndroidManifest.xml:35:13-62
97            android:authorities="com.sona.app.fileprovider"
97-->INJECTED
98            android:exported="false"
98-->src/main/AndroidManifest.xml:37:13-37
99            android:grantUriPermissions="true" >
99-->src/main/AndroidManifest.xml:38:13-47
100            <meta-data
100-->src/main/AndroidManifest.xml:39:13-41:64
101                android:name="android.support.FILE_PROVIDER_PATHS"
101-->src/main/AndroidManifest.xml:40:17-67
102                android:resource="@xml/file_paths" />
102-->src/main/AndroidManifest.xml:41:17-51
103        </provider>
104
105        <service
105-->src/main/AndroidManifest.xml:43:9-50:19
106            android:name="com.sona.app.MediaListenerService"
106-->src/main/AndroidManifest.xml:44:13-49
107            android:exported="false"
107-->src/main/AndroidManifest.xml:46:13-37
108            android:permission="android.permission.BIND_NOTIFICATION_LISTENER_SERVICE" >
108-->src/main/AndroidManifest.xml:45:13-87
109            <intent-filter>
109-->src/main/AndroidManifest.xml:47:13-49:29
110                <action android:name="android.service.notification.NotificationListenerService" />
110-->src/main/AndroidManifest.xml:48:17-99
110-->src/main/AndroidManifest.xml:48:25-96
111            </intent-filter>
112        </service>
113
114        <activity
114-->[:capacitor-browser] AndroidManifest.xml:14:9-18:75
115            android:name="com.capacitorjs.plugins.browser.BrowserControllerActivity"
115-->[:capacitor-browser] AndroidManifest.xml:15:13-85
116            android:exported="false"
116-->[:capacitor-browser] AndroidManifest.xml:16:13-37
117            android:launchMode="singleTask"
117-->[:capacitor-browser] AndroidManifest.xml:17:13-44
118            android:theme="@android:style/Theme.Translucent.NoTitleBar" />
118-->[:capacitor-browser] AndroidManifest.xml:18:13-72
119
120        <receiver
120-->[com.onesignal:notifications:5.7.6] AndroidManifest.xml:47:9-58:20
121            android:name="com.onesignal.notifications.receivers.FCMBroadcastReceiver"
121-->[com.onesignal:notifications:5.7.6] AndroidManifest.xml:48:13-86
122            android:exported="true"
122-->[com.onesignal:notifications:5.7.6] AndroidManifest.xml:49:13-36
123            android:permission="com.google.android.c2dm.permission.SEND" >
123-->[com.onesignal:notifications:5.7.6] AndroidManifest.xml:50:13-73
124
125            <!-- High priority so OneSignal payloads can be filtered from other FCM receivers -->
126            <intent-filter android:priority="999" >
126-->[com.onesignal:notifications:5.7.6] AndroidManifest.xml:53:13-57:29
126-->[com.onesignal:notifications:5.7.6] AndroidManifest.xml:53:28-50
127                <action android:name="com.google.android.c2dm.intent.RECEIVE" />
127-->[com.onesignal:notifications:5.7.6] AndroidManifest.xml:54:17-81
127-->[com.onesignal:notifications:5.7.6] AndroidManifest.xml:54:25-78
128
129                <category android:name="com.sona.app" />
129-->[com.onesignal:notifications:5.7.6] AndroidManifest.xml:56:17-61
129-->[com.onesignal:notifications:5.7.6] AndroidManifest.xml:56:27-58
130            </intent-filter>
131        </receiver>
132
133        <service
133-->[com.onesignal:notifications:5.7.6] AndroidManifest.xml:60:9-66:19
134            android:name="com.onesignal.notifications.services.HmsMessageServiceOneSignal"
134-->[com.onesignal:notifications:5.7.6] AndroidManifest.xml:61:13-91
135            android:exported="false" >
135-->[com.onesignal:notifications:5.7.6] AndroidManifest.xml:62:13-37
136            <intent-filter>
136-->[com.onesignal:notifications:5.7.6] AndroidManifest.xml:63:13-65:29
137                <action android:name="com.huawei.push.action.MESSAGING_EVENT" />
137-->[com.onesignal:notifications:5.7.6] AndroidManifest.xml:64:17-81
137-->[com.onesignal:notifications:5.7.6] AndroidManifest.xml:64:25-78
138            </intent-filter>
139        </service> <!-- CAUTION: OneSignal backend includes the activity name in the payload, modifying the name without sync may result in notification click not firing -->
140        <activity
140-->[com.onesignal:notifications:5.7.6] AndroidManifest.xml:67:9-75:20
141            android:name="com.onesignal.NotificationOpenedActivityHMS"
141-->[com.onesignal:notifications:5.7.6] AndroidManifest.xml:68:13-71
142            android:exported="true"
142-->[com.onesignal:notifications:5.7.6] AndroidManifest.xml:69:13-36
143            android:noHistory="true"
143-->[com.onesignal:notifications:5.7.6] AndroidManifest.xml:70:13-37
144            android:theme="@android:style/Theme.Translucent.NoTitleBar" >
144-->[com.onesignal:notifications:5.7.6] AndroidManifest.xml:71:13-72
145            <intent-filter>
145-->[com.onesignal:notifications:5.7.6] AndroidManifest.xml:72:13-74:29
146                <action android:name="android.intent.action.VIEW" />
146-->src/main/AndroidManifest.xml:26:17-69
146-->src/main/AndroidManifest.xml:26:25-66
147            </intent-filter>
148        </activity>
149
150        <receiver
150-->[com.onesignal:notifications:5.7.6] AndroidManifest.xml:77:9-79:39
151            android:name="com.onesignal.notifications.receivers.NotificationDismissReceiver"
151-->[com.onesignal:notifications:5.7.6] AndroidManifest.xml:78:13-93
152            android:exported="true" />
152-->[com.onesignal:notifications:5.7.6] AndroidManifest.xml:79:13-36
153        <receiver
153-->[com.onesignal:notifications:5.7.6] AndroidManifest.xml:80:9-87:20
154            android:name="com.onesignal.notifications.receivers.BootUpReceiver"
154-->[com.onesignal:notifications:5.7.6] AndroidManifest.xml:81:13-80
155            android:exported="true" >
155-->[com.onesignal:notifications:5.7.6] AndroidManifest.xml:82:13-36
156            <intent-filter>
156-->[com.onesignal:notifications:5.7.6] AndroidManifest.xml:83:13-86:29
157                <action android:name="android.intent.action.BOOT_COMPLETED" />
157-->[com.onesignal:notifications:5.7.6] AndroidManifest.xml:84:17-79
157-->[com.onesignal:notifications:5.7.6] AndroidManifest.xml:84:25-76
158                <action android:name="android.intent.action.QUICKBOOT_POWERON" />
158-->[com.onesignal:notifications:5.7.6] AndroidManifest.xml:85:17-82
158-->[com.onesignal:notifications:5.7.6] AndroidManifest.xml:85:25-79
159            </intent-filter>
160        </receiver>
161        <receiver
161-->[com.onesignal:notifications:5.7.6] AndroidManifest.xml:88:9-94:20
162            android:name="com.onesignal.notifications.receivers.UpgradeReceiver"
162-->[com.onesignal:notifications:5.7.6] AndroidManifest.xml:89:13-81
163            android:exported="true" >
163-->[com.onesignal:notifications:5.7.6] AndroidManifest.xml:90:13-36
164            <intent-filter>
164-->[com.onesignal:notifications:5.7.6] AndroidManifest.xml:91:13-93:29
165                <action android:name="android.intent.action.MY_PACKAGE_REPLACED" />
165-->[com.onesignal:notifications:5.7.6] AndroidManifest.xml:92:17-84
165-->[com.onesignal:notifications:5.7.6] AndroidManifest.xml:92:25-81
166            </intent-filter>
167        </receiver>
168
169        <activity
169-->[com.onesignal:notifications:5.7.6] AndroidManifest.xml:96:9-102:75
170            android:name="com.onesignal.notifications.activities.NotificationOpenedActivity"
170-->[com.onesignal:notifications:5.7.6] AndroidManifest.xml:97:13-93
171            android:excludeFromRecents="true"
171-->[com.onesignal:notifications:5.7.6] AndroidManifest.xml:98:13-46
172            android:exported="true"
172-->[com.onesignal:notifications:5.7.6] AndroidManifest.xml:99:13-36
173            android:noHistory="true"
173-->[com.onesignal:notifications:5.7.6] AndroidManifest.xml:100:13-37
174            android:taskAffinity=""
174-->[com.onesignal:notifications:5.7.6] AndroidManifest.xml:101:13-36
175            android:theme="@android:style/Theme.Translucent.NoTitleBar" />
175-->[com.onesignal:notifications:5.7.6] AndroidManifest.xml:102:13-72
176        <activity
176-->[com.onesignal:notifications:5.7.6] AndroidManifest.xml:103:9-108:75
177            android:name="com.onesignal.notifications.activities.NotificationOpenedActivityAndroid22AndOlder"
177-->[com.onesignal:notifications:5.7.6] AndroidManifest.xml:104:13-110
178            android:excludeFromRecents="true"
178-->[com.onesignal:notifications:5.7.6] AndroidManifest.xml:105:13-46
179            android:exported="true"
179-->[com.onesignal:notifications:5.7.6] AndroidManifest.xml:106:13-36
180            android:noHistory="true"
180-->[com.onesignal:notifications:5.7.6] AndroidManifest.xml:107:13-37
181            android:theme="@android:style/Theme.Translucent.NoTitleBar" />
181-->[com.onesignal:notifications:5.7.6] AndroidManifest.xml:108:13-72
182
183        <service
183-->[com.onesignal:core:5.7.6] AndroidManifest.xml:16:9-19:72
184            android:name="com.onesignal.core.services.SyncJobService"
184-->[com.onesignal:core:5.7.6] AndroidManifest.xml:17:13-70
185            android:exported="false"
185-->[com.onesignal:core:5.7.6] AndroidManifest.xml:18:13-37
186            android:permission="android.permission.BIND_JOB_SERVICE" /> <!-- Temporary shim for old OneSignal v4 jobs pointing to com.onesignal.SyncJobService -->
186-->[com.onesignal:core:5.7.6] AndroidManifest.xml:19:13-69
187        <service
187-->[com.onesignal:core:5.7.6] AndroidManifest.xml:22:9-26:19
188            android:name="com.onesignal.SyncJobService"
188-->[com.onesignal:core:5.7.6] AndroidManifest.xml:23:13-56
189            android:exported="false"
189-->[com.onesignal:core:5.7.6] AndroidManifest.xml:24:13-37
190            android:permission="android.permission.BIND_JOB_SERVICE" >
190-->[com.onesignal:core:5.7.6] AndroidManifest.xml:25:13-69
191        </service>
192
193        <activity
193-->[com.onesignal:core:5.7.6] AndroidManifest.xml:28:9-31:66
194            android:name="com.onesignal.core.activities.PermissionsActivity"
194-->[com.onesignal:core:5.7.6] AndroidManifest.xml:29:13-77
195            android:exported="false"
195-->[com.onesignal:core:5.7.6] AndroidManifest.xml:30:13-37
196            android:theme="@style/OneSignal.Theme.Translucent" />
196-->[com.onesignal:core:5.7.6] AndroidManifest.xml:31:13-63
197
198        <receiver
198-->[com.google.firebase:firebase-messaging:23.4.0] AndroidManifest.xml:29:9-40:20
199            android:name="com.google.firebase.iid.FirebaseInstanceIdReceiver"
199-->[com.google.firebase:firebase-messaging:23.4.0] AndroidManifest.xml:30:13-78
200            android:exported="true"
200-->[com.google.firebase:firebase-messaging:23.4.0] AndroidManifest.xml:31:13-36
201            android:permission="com.google.android.c2dm.permission.SEND" >
201-->[com.google.firebase:firebase-messaging:23.4.0] AndroidManifest.xml:32:13-73
202            <intent-filter>
202-->[com.google.firebase:firebase-messaging:23.4.0] AndroidManifest.xml:33:13-35:29
203                <action android:name="com.google.android.c2dm.intent.RECEIVE" />
203-->[com.onesignal:notifications:5.7.6] AndroidManifest.xml:54:17-81
203-->[com.onesignal:notifications:5.7.6] AndroidManifest.xml:54:25-78
204            </intent-filter>
205
206            <meta-data
206-->[com.google.firebase:firebase-messaging:23.4.0] AndroidManifest.xml:37:13-39:40
207                android:name="com.google.android.gms.cloudmessaging.FINISHED_AFTER_HANDLED"
207-->[com.google.firebase:firebase-messaging:23.4.0] AndroidManifest.xml:38:17-92
208                android:value="true" />
208-->[com.google.firebase:firebase-messaging:23.4.0] AndroidManifest.xml:39:17-37
209        </receiver>
210        <!--
211             FirebaseMessagingService performs security checks at runtime,
212             but set to not exported to explicitly avoid allowing another app to call it.
213        -->
214        <service
214-->[com.google.firebase:firebase-messaging:23.4.0] AndroidManifest.xml:46:9-53:19
215            android:name="com.google.firebase.messaging.FirebaseMessagingService"
215-->[com.google.firebase:firebase-messaging:23.4.0] AndroidManifest.xml:47:13-82
216            android:directBootAware="true"
216-->[com.google.firebase:firebase-messaging:23.4.0] AndroidManifest.xml:48:13-43
217            android:exported="false" >
217-->[com.google.firebase:firebase-messaging:23.4.0] AndroidManifest.xml:49:13-37
218            <intent-filter android:priority="-500" >
218-->[com.google.firebase:firebase-messaging:23.4.0] AndroidManifest.xml:50:13-52:29
218-->[com.google.firebase:firebase-messaging:23.4.0] AndroidManifest.xml:50:28-51
219                <action android:name="com.google.firebase.MESSAGING_EVENT" />
219-->[com.google.firebase:firebase-messaging:23.4.0] AndroidManifest.xml:51:17-78
219-->[com.google.firebase:firebase-messaging:23.4.0] AndroidManifest.xml:51:25-75
220            </intent-filter>
221        </service>
222        <service
222-->[com.google.firebase:firebase-messaging:23.4.0] AndroidManifest.xml:54:9-63:19
223            android:name="com.google.firebase.components.ComponentDiscoveryService"
223-->[com.google.firebase:firebase-messaging:23.4.0] AndroidManifest.xml:55:13-84
224            android:directBootAware="true"
224-->[com.google.firebase:firebase-common:20.4.2] AndroidManifest.xml:32:13-43
225            android:exported="false" >
225-->[com.google.firebase:firebase-messaging:23.4.0] AndroidManifest.xml:56:13-37
226            <meta-data
226-->[com.google.firebase:firebase-messaging:23.4.0] AndroidManifest.xml:57:13-59:85
227                android:name="com.google.firebase.components:com.google.firebase.messaging.FirebaseMessagingKtxRegistrar"
227-->[com.google.firebase:firebase-messaging:23.4.0] AndroidManifest.xml:58:17-122
228                android:value="com.google.firebase.components.ComponentRegistrar" />
228-->[com.google.firebase:firebase-messaging:23.4.0] AndroidManifest.xml:59:17-82
229            <meta-data
229-->[com.google.firebase:firebase-messaging:23.4.0] AndroidManifest.xml:60:13-62:85
230                android:name="com.google.firebase.components:com.google.firebase.messaging.FirebaseMessagingRegistrar"
230-->[com.google.firebase:firebase-messaging:23.4.0] AndroidManifest.xml:61:17-119
231                android:value="com.google.firebase.components.ComponentRegistrar" />
231-->[com.google.firebase:firebase-messaging:23.4.0] AndroidManifest.xml:62:17-82
232            <meta-data
232-->[com.google.firebase:firebase-installations:17.2.0] AndroidManifest.xml:15:13-17:85
233                android:name="com.google.firebase.components:com.google.firebase.installations.FirebaseInstallationsKtxRegistrar"
233-->[com.google.firebase:firebase-installations:17.2.0] AndroidManifest.xml:16:17-130
234                android:value="com.google.firebase.components.ComponentRegistrar" />
234-->[com.google.firebase:firebase-installations:17.2.0] AndroidManifest.xml:17:17-82
235            <meta-data
235-->[com.google.firebase:firebase-installations:17.2.0] AndroidManifest.xml:18:13-20:85
236                android:name="com.google.firebase.components:com.google.firebase.installations.FirebaseInstallationsRegistrar"
236-->[com.google.firebase:firebase-installations:17.2.0] AndroidManifest.xml:19:17-127
237                android:value="com.google.firebase.components.ComponentRegistrar" />
237-->[com.google.firebase:firebase-installations:17.2.0] AndroidManifest.xml:20:17-82
238            <meta-data
238-->[com.google.firebase:firebase-common-ktx:20.4.2] AndroidManifest.xml:12:13-14:85
239                android:name="com.google.firebase.components:com.google.firebase.ktx.FirebaseCommonLegacyRegistrar"
239-->[com.google.firebase:firebase-common-ktx:20.4.2] AndroidManifest.xml:13:17-116
240                android:value="com.google.firebase.components.ComponentRegistrar" />
240-->[com.google.firebase:firebase-common-ktx:20.4.2] AndroidManifest.xml:14:17-82
241            <meta-data
241-->[com.google.firebase:firebase-common:20.4.2] AndroidManifest.xml:35:13-37:85
242                android:name="com.google.firebase.components:com.google.firebase.FirebaseCommonKtxRegistrar"
242-->[com.google.firebase:firebase-common:20.4.2] AndroidManifest.xml:36:17-109
243                android:value="com.google.firebase.components.ComponentRegistrar" />
243-->[com.google.firebase:firebase-common:20.4.2] AndroidManifest.xml:37:17-82
244            <meta-data
244-->[com.google.firebase:firebase-datatransport:18.1.7] AndroidManifest.xml:27:13-29:85
245                android:name="com.google.firebase.components:com.google.firebase.datatransport.TransportRegistrar"
245-->[com.google.firebase:firebase-datatransport:18.1.7] AndroidManifest.xml:28:17-115
246                android:value="com.google.firebase.components.ComponentRegistrar" />
246-->[com.google.firebase:firebase-datatransport:18.1.7] AndroidManifest.xml:29:17-82
247        </service>
248
249        <activity
249-->[com.google.android.gms:play-services-base:18.0.1] AndroidManifest.xml:20:9-22:45
250            android:name="com.google.android.gms.common.api.GoogleApiActivity"
250-->[com.google.android.gms:play-services-base:18.0.1] AndroidManifest.xml:20:19-85
251            android:exported="false"
251-->[com.google.android.gms:play-services-base:18.0.1] AndroidManifest.xml:22:19-43
252            android:theme="@android:style/Theme.Translucent.NoTitleBar" />
252-->[com.google.android.gms:play-services-base:18.0.1] AndroidManifest.xml:21:19-78
253
254        <provider
254-->[com.google.firebase:firebase-common:20.4.2] AndroidManifest.xml:23:9-28:39
255            android:name="com.google.firebase.provider.FirebaseInitProvider"
255-->[com.google.firebase:firebase-common:20.4.2] AndroidManifest.xml:24:13-77
256            android:authorities="com.sona.app.firebaseinitprovider"
256-->[com.google.firebase:firebase-common:20.4.2] AndroidManifest.xml:25:13-72
257            android:directBootAware="true"
257-->[com.google.firebase:firebase-common:20.4.2] AndroidManifest.xml:26:13-43
258            android:exported="false"
258-->[com.google.firebase:firebase-common:20.4.2] AndroidManifest.xml:27:13-37
259            android:initOrder="100" />
259-->[com.google.firebase:firebase-common:20.4.2] AndroidManifest.xml:28:13-36
260        <provider
260-->[androidx.emoji2:emoji2:1.3.0] AndroidManifest.xml:24:9-32:20
261            android:name="androidx.startup.InitializationProvider"
261-->[androidx.emoji2:emoji2:1.3.0] AndroidManifest.xml:25:13-67
262            android:authorities="com.sona.app.androidx-startup"
262-->[androidx.emoji2:emoji2:1.3.0] AndroidManifest.xml:26:13-68
263            android:exported="false" >
263-->[androidx.emoji2:emoji2:1.3.0] AndroidManifest.xml:27:13-37
264            <meta-data
264-->[androidx.emoji2:emoji2:1.3.0] AndroidManifest.xml:29:13-31:52
265                android:name="androidx.emoji2.text.EmojiCompatInitializer"
265-->[androidx.emoji2:emoji2:1.3.0] AndroidManifest.xml:30:17-75
266                android:value="androidx.startup" />
266-->[androidx.emoji2:emoji2:1.3.0] AndroidManifest.xml:31:17-49
267            <meta-data